[INFO] 10-09-2025 19:11:31 [main] [com.challenge.listeners.TestNGListeners] - Cleaned Allure results
[INFO] 10-09-2025 19:11:31 [main] [com.challenge.listeners.TestNGListeners] - Starting execution
[INFO] 10-09-2025 19:11:31 [main] [com.challenge.listeners.TestNGListeners] - Loaded properties
[INFO] 10-09-2025 19:11:32 [TestNG-tests-1] [com.challenge.drivers.GUIFactory] - Starting driver for browser: EDGE
[INFO] 10-09-2025 19:11:32 [TestNG-tests-2] [com.challenge.drivers.GUIFactory] - Starting driver for browser: CHROME
[INFO] 10-09-2025 19:11:32 [TestNG-tests-3] [com.challenge.drivers.GUIFactory] - Starting driver for browser: FIREFOX
[INFO] 10-09-2025 19:11:38 [TestNG-tests-1] [parallel_execution.ParallelExecutionTC] - Driver Initialized for edge browser
[INFO] 10-09-2025 19:11:39 [TestNG-tests-1] [com.challenge.utils.actions.BrowserAction] - Browser window maximized
[INFO] 10-09-2025 19:11:39 [TestNG-tests-1] [parallel_execution.ParallelExecutionTC] - Navigating to URL: https://www.bing.com/
[INFO] 10-09-2025 19:11:40 [TestNG-tests-1] [com.challenge.utils.actions.BrowserAction] - Navigated to: https://www.bing.com/
[INFO] 10-09-2025 19:11:40 [TestNG-tests-1] [com.challenge.listeners.TestNGListeners] - Test Case verifyThatRelatedSearchesContainsVodafone started
[INFO] 10-09-2025 19:11:40 [TestNG-tests-1] [parallel_execution.ParallelExecutionTC] - This test is running on Edge browser
[INFO] 10-09-2025 19:11:42 [TestNG-tests-2] [parallel_execution.ParallelExecutionTC] - Driver Initialized for chrome browser
[INFO] 10-09-2025 19:11:42 [TestNG-tests-2] [com.challenge.utils.actions.BrowserAction] - Browser window maximized
[INFO] 10-09-2025 19:11:42 [TestNG-tests-2] [parallel_execution.ParallelExecutionTC] - Navigating to URL: https://www.bing.com/
[INFO] 10-09-2025 19:11:43 [TestNG-tests-2] [com.challenge.utils.actions.BrowserAction] - Navigated to: https://www.bing.com/
[INFO] 10-09-2025 19:11:43 [TestNG-tests-2] [com.challenge.listeners.TestNGListeners] - Test Case verifyThatRelatedSearchesContainsVodafone started
[INFO] 10-09-2025 19:11:43 [TestNG-tests-2] [parallel_execution.ParallelExecutionTC] - This test is running on Edge browser
[INFO] 10-09-2025 19:11:46 [TestNG-tests-1] [com.challenge.utils.actions.ElementAction] - Typed text 'Vodafone' into element: By.xpath: //textarea[@id='sb_form_q']
[INFO] 10-09-2025 19:11:48 [TestNG-tests-1] [com.challenge.utils.actions.ElementAction] - Clicked on element: By.cssSelector: #search_icon
[INFO] 10-09-2025 19:11:48 [TestNG-tests-1] [com.challenge.utils.actions.BrowserAction] - Current URL: https://www.bing.com/search?search=Submit&q=Vodafone&form=QBLH
[INFO] 10-09-2025 19:11:50 [TestNG-tests-1] [com.challenge.pages.Page_01] - Related search contains 'Vodafone'
[INFO] 10-09-2025 19:11:50 [TestNG-tests-1] [parallel_execution.ParallelExecutionTC] - Test completed successfully on Edge browser and navigated to the expected URL which is: https://www.bing.com/search?q=Vodafone&form=QBLH&sp=-1&ghc=1&lq=0&pq=vodafone&sc=15-8&qs=n&sk=&cvid=A876B00E5BEE4B63BEE9806F3CD95619 and the related searches contain the search text which is: Vodafone
[INFO] 10-09-2025 19:11:50 [TestNG-tests-2] [com.challenge.utils.actions.ElementAction] - Typed text 'Vodafone' into element: By.xpath: //textarea[@id='sb_form_q']
[INFO] 10-09-2025 19:11:50 [TestNG-tests-1] [com.challenge.media.ScreenShotMedia] - Screenshot taken: C:\Users\Dell\IdeaProjects\VOIS_Automation_Challenge\Test_out\ScreenShots\ScreenShot-verifyThatRelatedSearchesContainsVodafone-2025-11-10-07-11-50.png
[ERROR] 10-09-2025 19:11:50 [TestNG-tests-1] [com.challenge.assertions.SoftAssertion] - Assertion failed: The following asserts failed:
	URL does not match the expected value. expected [https://www.bing.com/search?q=Vodafone&form=QBLH&sp=-1&ghc=1&lq=0&pq=vodafone&sc=15-8&qs=n&sk=&cvid=A876B00E5BEE4B63BEE9806F3CD95619] but found [https://www.bing.com/search?search=Submit&q=Vodafone&form=QBLH]
[INFO] 10-09-2025 19:11:50 [TestNG-tests-1] [com.challenge.drivers.GUIFactory] - Starting driver for browser: EDGE
[INFO] 10-09-2025 19:11:53 [TestNG-tests-2] [com.challenge.utils.actions.ElementAction] - Clicked on element: By.cssSelector: #search_icon
[INFO] 10-09-2025 19:11:54 [TestNG-tests-2] [com.challenge.utils.actions.BrowserAction] - Current URL: https://www.bing.com/search?search=Submit&q=Vodafone&form=QBLH
[INFO] 10-09-2025 19:11:54 [TestNG-tests-3] [parallel_execution.ParallelExecutionTC] - Driver Initialized for firefox browser
[INFO] 10-09-2025 19:11:54 [TestNG-tests-3] [com.challenge.utils.actions.BrowserAction] - Browser window maximized
[INFO] 10-09-2025 19:11:54 [TestNG-tests-3] [parallel_execution.ParallelExecutionTC] - Navigating to URL: https://www.bing.com/
[INFO] 10-09-2025 19:11:59 [TestNG-tests-2] [com.challenge.pages.Page_01] - Related search does not contain 'Vodafone'
[INFO] 10-09-2025 19:11:59 [TestNG-tests-2] [parallel_execution.ParallelExecutionTC] - Test completed successfully on Edge browser and navigated to the expected URL which is: https://www.bing.com/search?q=Vodafone&form=QBLH&sp=-1&ghc=1&lq=0&pq=vodafone&sc=15-8&qs=n&sk=&cvid=A876B00E5BEE4B63BEE9806F3CD95619 and the related searches contain the search text which is: Vodafone
[INFO] 10-09-2025 19:12:00 [TestNG-tests-3] [com.challenge.utils.actions.BrowserAction] - Navigated to: https://www.bing.com/
[INFO] 10-09-2025 19:12:00 [TestNG-tests-3] [com.challenge.listeners.TestNGListeners] - Test Case verifyThatRelatedSearchesContainsVodafone started
[INFO] 10-09-2025 19:12:00 [TestNG-tests-3] [parallel_execution.ParallelExecutionTC] - This test is running on Edge browser
[INFO] 10-09-2025 19:12:00 [TestNG-tests-2] [com.challenge.media.ScreenShotMedia] - Screenshot taken: C:\Users\Dell\IdeaProjects\VOIS_Automation_Challenge\Test_out\ScreenShots\ScreenShot-verifyThatRelatedSearchesContainsVodafone-2025-12-10-07-12-00.png
[ERROR] 10-09-2025 19:12:00 [TestNG-tests-2] [com.challenge.assertions.SoftAssertion] - Assertion failed: The following asserts failed:
	URL does not match the expected value. expected [https://www.bing.com/search?q=Vodafone&form=QBLH&sp=-1&ghc=1&lq=0&pq=vodafone&sc=15-8&qs=n&sk=&cvid=A876B00E5BEE4B63BEE9806F3CD95619] but found [https://www.bing.com/search?search=Submit&q=Vodafone&form=QBLH],
	Related search does not contain 'Vodafone'. expected [true] but found [false]
[INFO] 10-09-2025 19:12:00 [TestNG-tests-2] [com.challenge.drivers.GUIFactory] - Starting driver for browser: CHROME
[INFO] 10-09-2025 19:12:04 [TestNG-tests-3] [com.challenge.utils.actions.ElementAction] - Typed text 'Vodafone' into element: By.xpath: //textarea[@id='sb_form_q']
[INFO] 10-09-2025 19:12:06 [TestNG-tests-1] [parallel_execution.ParallelExecutionTC] - Driver Initialized for edge browser
[INFO] 10-09-2025 19:12:07 [TestNG-tests-1] [com.challenge.utils.actions.BrowserAction] - Browser window maximized
[INFO] 10-09-2025 19:12:07 [TestNG-tests-1] [parallel_execution.ParallelExecutionTC] - Navigating to URL: https://www.bing.com/
[INFO] 10-09-2025 19:12:08 [TestNG-tests-3] [com.challenge.utils.actions.ElementAction] - Clicked on element: By.cssSelector: #search_icon
[INFO] 10-09-2025 19:12:08 [TestNG-tests-3] [com.challenge.utils.actions.BrowserAction] - Current URL: https://www.bing.com/search?q=Vodafone&form=QBLH&sp=-1&lq=0&pq=vodafone&sc=0-8&qs=n&sk=&cvid=698690E0B7214F33A64B3BD9B0D08CFD
[INFO] 10-09-2025 19:12:09 [TestNG-tests-3] [com.challenge.pages.Page_01] - Related search contains 'Vodafone'
[INFO] 10-09-2025 19:12:09 [TestNG-tests-3] [parallel_execution.ParallelExecutionTC] - Test completed successfully on Edge browser and navigated to the expected URL which is: https://www.bing.com/search?q=Vodafone&form=QBLH&sp=-1&ghc=1&lq=0&pq=vodafone&sc=15-8&qs=n&sk=&cvid=A876B00E5BEE4B63BEE9806F3CD95619 and the related searches contain the search text which is: Vodafone
[INFO] 10-09-2025 19:12:09 [TestNG-tests-1] [com.challenge.utils.actions.BrowserAction] - Navigated to: https://www.bing.com/
[INFO] 10-09-2025 19:12:09 [TestNG-tests-1] [com.challenge.listeners.TestNGListeners] - Test Case verifyThatTwoPagesHaveTheSameResults started
[INFO] 10-09-2025 19:12:09 [TestNG-tests-1] [parallel_execution.ParallelExecutionTC] - This test is running on Chrome browser
[INFO] 10-09-2025 19:12:10 [TestNG-tests-3] [com.challenge.media.ScreenShotMedia] - Screenshot taken: C:\Users\Dell\IdeaProjects\VOIS_Automation_Challenge\Test_out\ScreenShots\ScreenShot-verifyThatRelatedSearchesContainsVodafone-2025-12-10-07-12-10.png
[ERROR] 10-09-2025 19:12:10 [TestNG-tests-3] [com.challenge.assertions.SoftAssertion] - Assertion failed: The following asserts failed:
	URL does not match the expected value. expected [https://www.bing.com/search?q=Vodafone&form=QBLH&sp=-1&ghc=1&lq=0&pq=vodafone&sc=15-8&qs=n&sk=&cvid=A876B00E5BEE4B63BEE9806F3CD95619] but found [https://www.bing.com/search?q=Vodafone&form=QBLH&sp=-1&lq=0&pq=vodafone&sc=0-8&qs=n&sk=&cvid=698690E0B7214F33A64B3BD9B0D08CFD]
[INFO] 10-09-2025 19:12:10 [TestNG-tests-3] [com.challenge.drivers.GUIFactory] - Starting driver for browser: FIREFOX
[INFO] 10-09-2025 19:12:17 [TestNG-tests-1] [com.challenge.utils.actions.ElementAction] - Typed text 'Vodafone' into element: By.xpath: //textarea[@id='sb_form_q']
[INFO] 10-09-2025 19:12:23 [TestNG-tests-1] [com.challenge.utils.actions.ElementAction] - Clicked on element: By.cssSelector: #search_icon
[INFO] 10-09-2025 19:12:23 [TestNG-tests-1] [com.challenge.utils.actions.BrowserAction] - Current URL: https://www.bing.com/search?search=Submit&q=Vodafone&form=QBLH
[INFO] 10-09-2025 19:12:27 [TestNG-tests-1] [com.challenge.pages.Page_01] - Related search contains 'Vodafone'
[INFO] 10-09-2025 19:12:28 [TestNG-tests-1] [com.challenge.utils.actions.ElementAction] - Clicked on element: By.xpath: //a[@aria-label='Page 2']
[INFO] 10-09-2025 19:12:28 [TestNG-tests-1] [com.challenge.utils.actions.BrowserAction] - Current URL: https://www.bing.com/search?search=Submit&q=Vodafone&FPIG=FE0FB1D7FE1F4F78AF932AD98BC535AA&first=11&FORM=PERE
[INFO] 10-09-2025 19:12:30 [TestNG-tests-2] [parallel_execution.ParallelExecutionTC] - Driver Initialized for chrome browser
[INFO] 10-09-2025 19:12:30 [TestNG-tests-2] [com.challenge.utils.actions.BrowserAction] - Browser window maximized
[INFO] 10-09-2025 19:12:30 [TestNG-tests-2] [parallel_execution.ParallelExecutionTC] - Navigating to URL: https://www.bing.com/
[INFO] 10-09-2025 19:12:35 [TestNG-tests-3] [parallel_execution.ParallelExecutionTC] - Driver Initialized for firefox browser
[INFO] 10-09-2025 19:12:35 [TestNG-tests-3] [com.challenge.utils.actions.BrowserAction] - Browser window maximized
[INFO] 10-09-2025 19:12:35 [TestNG-tests-3] [parallel_execution.ParallelExecutionTC] - Navigating to URL: https://www.bing.com/
[INFO] 10-09-2025 19:12:39 [TestNG-tests-1] [com.challenge.media.ScreenShotMedia] - Screenshot taken: C:\Users\Dell\IdeaProjects\VOIS_Automation_Challenge\Test_out\ScreenShots\ScreenShot-verifyThatTwoPagesHaveTheSameResults-2025-12-10-07-12-39.png
[ERROR] 10-09-2025 19:12:39 [TestNG-tests-1] [com.challenge.assertions.SoftAssertion] - Assertion failed: The following asserts failed:
	URL does not match the expected value. expected [https://www.bing.com/search?q=Vodafone&form=QBLH&sp=-1&ghc=1&lq=0&pq=vodafone&sc=15-8&qs=n&sk=&cvid=A876B00E5BEE4B63BEE9806F3CD95619] but found [https://www.bing.com/search?search=Submit&q=Vodafone&form=QBLH]
[INFO] 10-09-2025 19:12:39 [TestNG-tests-3] [com.challenge.utils.actions.BrowserAction] - Navigated to: https://www.bing.com/
[INFO] 10-09-2025 19:12:40 [TestNG-tests-2] [com.challenge.utils.actions.BrowserAction] - Navigated to: https://www.bing.com/
[INFO] 10-09-2025 19:12:40 [TestNG-tests-2] [com.challenge.listeners.TestNGListeners] - Test Case verifyThatTwoPagesHaveTheSameResults started
[INFO] 10-09-2025 19:12:40 [TestNG-tests-3] [com.challenge.listeners.TestNGListeners] - Test Case verifyThatTwoPagesHaveTheSameResults started
[INFO] 10-09-2025 19:12:40 [TestNG-tests-2] [parallel_execution.ParallelExecutionTC] - This test is running on Chrome browser
[INFO] 10-09-2025 19:12:40 [TestNG-tests-3] [parallel_execution.ParallelExecutionTC] - This test is running on Chrome browser
[INFO] 10-09-2025 19:12:42 [TestNG-tests-3] [com.challenge.utils.actions.ElementAction] - Typed text 'Vodafone' into element: By.xpath: //textarea[@id='sb_form_q']
[INFO] 10-09-2025 19:12:43 [TestNG-tests-3] [com.challenge.utils.actions.ElementAction] - Clicked on element: By.cssSelector: #search_icon
[INFO] 10-09-2025 19:12:43 [TestNG-tests-3] [com.challenge.utils.actions.BrowserAction] - Current URL: https://www.bing.com/
[INFO] 10-09-2025 19:12:46 [TestNG-tests-3] [com.challenge.media.ScreenShotMedia] - Screenshot taken: C:\Users\Dell\IdeaProjects\VOIS_Automation_Challenge\Test_out\ScreenShots\ScreenShot-verifyThatTwoPagesHaveTheSameResults-2025-12-10-07-12-46.png
[ERROR] 10-09-2025 19:12:46 [TestNG-tests-3] [com.challenge.assertions.SoftAssertion] - Assertion failed: The following asserts failed:
	URL does not match the expected value. expected [https://www.bing.com/search?q=Vodafone&form=QBLH&sp=-1&ghc=1&lq=0&pq=vodafone&sc=15-8&qs=n&sk=&cvid=A876B00E5BEE4B63BEE9806F3CD95619] but found [https://www.bing.com/]
[INFO] 10-09-2025 19:13:02 [TestNG-tests-2] [com.challenge.utils.actions.ElementAction] - Typed text 'Vodafone' into element: By.xpath: //textarea[@id='sb_form_q']
[INFO] 10-09-2025 19:13:47 [TestNG-tests-2] [com.challenge.utils.actions.ElementAction] - Clicked on element: By.cssSelector: #search_icon
[INFO] 10-09-2025 19:13:48 [TestNG-tests-2] [com.challenge.utils.actions.BrowserAction] - Current URL: https://www.bing.com/search?search=Submit&q=Vodafone&form=QBLH
[INFO] 10-09-2025 19:13:56 [TestNG-tests-2] [com.challenge.media.ScreenShotMedia] - Screenshot taken: C:\Users\Dell\IdeaProjects\VOIS_Automation_Challenge\Test_out\ScreenShots\ScreenShot-verifyThatTwoPagesHaveTheSameResults-2025-13-10-07-13-56.png
[ERROR] 10-09-2025 19:13:56 [TestNG-tests-2] [com.challenge.assertions.SoftAssertion] - Assertion failed: The following asserts failed:
	URL does not match the expected value. expected [https://www.bing.com/search?q=Vodafone&form=QBLH&sp=-1&ghc=1&lq=0&pq=vodafone&sc=15-8&qs=n&sk=&cvid=A876B00E5BEE4B63BEE9806F3CD95619] but found [https://www.bing.com/search?search=Submit&q=Vodafone&form=QBLH]
[INFO] 10-09-2025 19:14:00 [main] [com.challenge.listeners.TestNGListeners] - Test Execution Finished
